<?xml version="1.0" encoding="UTF-8"?>
<!-- Generated by org.testng.reporters.JUnitXMLReporter -->
<testsuite ignored="2" hostname="LAPTOP-D0G4RM9N" failures="0" tests="6" name="TestRunner-Chrome" time="133.901" errors="0" timestamp="2024-06-03T13:07:23 IST">
  <testcase classname="com.comcast.crm.contactTest.CreateContactTest" name="CreateContactTest" time="14.36"/>
  <testcase classname="com.comcast.crm.contactTest.CreateContactTest" name="CreateContactWithSupportDateTest" time="14.456"/>
  <testcase classname="com.comcast.crm.contactTest.CreateContactTest" name="CreateContactWthOrgTesteg4" time="27.591"/>
  <testcase classname="com.comcast.crm.orgtest.GenercutltesaEg1" name="CreateOrganzatonWthndutsrygenerceg2" time="12.039"/>
  <testcase classname="com.comcast.crm.orgtest.GenercutltesaEg1" name="Genercegtestase3CreateOrganzaton" time="14.581"/>
  <testcase classname="com.comcast.crm.orgtest.GenercutltesaEg1" name="GenercutltesaEg1" time="12.286"/>
  <testcase classname="com.comcast.crm.basetest.BaseClass" name="@BeforeSuite configBS" time="0.0">
    <ignored/>
  </testcase> <!-- @BeforeSuite configBS -->
  <testcase classname="com.comcast.crm.basetest.BaseClass" name="@AfterSuite configAS" time="0.0">
    <ignored/>
  </testcase> <!-- @AfterSuite configAS -->
</testsuite> <!-- TestRunner-Chrome -->
