<?xml version="1.0" encoding="UTF-8"?>
<!-- Generated by org.testng.reporters.JUnitXMLReporter -->
<testsuite ignored="2" hostname="LAPTOP-D0G4RM9N" failures="0" tests="1" name="Test" time="13.408" errors="0" timestamp="2024-06-05T13:01:25 IST">
  <testcase classname="com.comcast.crm.orgtest.GenercutltesaEg1" name="GenercutltesaEg1" time="7.207"/>
  <testcase classname="com.comcast.crm.orgtest.GenercutltesaEg1" name="CreateOrganzatonWthndutsrygenerceg2" time="0.0">
    <ignored/>
  </testcase> <!-- CreateOrganzatonWthndutsrygenerceg2 -->
  <testcase classname="com.comcast.crm.orgtest.GenercutltesaEg1" name="Genercegtestase3CreateOrganzaton" time="0.0">
    <ignored/>
  </testcase> <!-- Genercegtestase3CreateOrganzaton -->
</testsuite> <!-- Test -->
