<?xml version="1.0" encoding="UTF-8"?>
<!-- Generated by org.testng.reporters.JUnitXMLReporter -->
<testsuite ignored="0" hostname="LAPTOP-D0G4RM9N" failures="0" tests="3" name="TestRunner-Firefox" time="91.071" errors="0" timestamp="2024-06-01T15:14:01 IST">
  <testcase classname="com.comcast.crm.contactTest.CreateContactTest" name="CreateContactTest" time="30.588"/>
  <testcase classname="com.comcast.crm.contactTest.CreateContactTest" name="CreateContactWithSupportDateTest" time="14.235"/>
  <testcase classname="com.comcast.crm.contactTest.CreateContactTest" name="CreateContactWthOrgTesteg4" time="25.1"/>
</testsuite> <!-- TestRunner-Firefox -->
