<?xml version="1.0" encoding="UTF-8"?>
<!-- Generated by org.testng.reporters.JUnitXMLReporter -->
<testsuite ignored="2" hostname="LAPTOP-D0G4RM9N" failures="0" tests="6" name="TestRunner-Edge" time="134.298" errors="0" timestamp="2024-06-03T13:07:23 IST">
  <testcase classname="com.comcast.crm.contactTest.CreateContactTest" name="CreateContactTest" time="14.406"/>
  <testcase classname="com.comcast.crm.contactTest.CreateContactTest" name="CreateContactWithSupportDateTest" time="13.961"/>
  <testcase classname="com.comcast.crm.contactTest.CreateContactTest" name="CreateContactWthOrgTesteg4" time="27.643"/>
  <testcase classname="com.comcast.crm.orgtest.GenercutltesaEg1" name="CreateOrganzatonWthndutsrygenerceg2" time="12.761"/>
  <testcase classname="com.comcast.crm.orgtest.GenercutltesaEg1" name="Genercegtestase3CreateOrganzaton" time="15.173"/>
  <testcase classname="com.comcast.crm.orgtest.GenercutltesaEg1" name="GenercutltesaEg1" time="11.621"/>
  <testcase classname="com.comcast.crm.basetest.BaseClass" name="@BeforeSuite configBS" time="0.0">
    <ignored/>
  </testcase> <!-- @BeforeSuite configBS -->
  <testcase classname="com.comcast.crm.basetest.BaseClass" name="@AfterSuite configAS" time="0.0">
    <ignored/>
  </testcase> <!-- @AfterSuite configAS -->
</testsuite> <!-- TestRunner-Edge -->
